<?xml version="1.0" encoding="UTF-8"?>
<testng-results skipped="0" failed="0" ignored="0" total="2" passed="2">
  <reporter-output>
  </reporter-output>
  <suite name="Framework_Implementation" duration-ms="32376" started-at="2019-12-09T05:27:57Z" finished-at="2019-12-09T05:28:30Z">
    <groups>
    </groups>
    <test name="Framework_Implementation Test1" duration-ms="32376" started-at="2019-12-09T05:27:57Z" finished-at="2019-12-09T05:28:30Z">
      <class name="com.selenium.testCases.TC_AddStory_001">
        <test-method status="PASS" signature="setup(java.lang.String)[pri:0, instance:com.selenium.testCases.TC_AddStory_001@13805618]" name="setup" is-config="true" duration-ms="5181" started-at="2019-12-09T05:28:08Z" finished-at="2019-12-09T05:28:14Z">
          <params>
            <param index="0">
              <value>
                <![CDATA[chrome]]>
              </value>
            </param>
          </params>
          <reporter-output>
          </reporter-output>
        </test-method> <!-- setup -->
        <test-method status="PASS" signature="addStory()[pri:0, instance:com.selenium.testCases.TC_AddStory_001@13805618]" name="addStory" duration-ms="16174" started-at="2019-12-09T05:28:14Z" finished-at="2019-12-09T05:28:30Z">
          <reporter-output>
          </reporter-output>
        </test-method> <!-- addStory -->
        <test-method status="PASS" signature="tearDown()[pri:0, instance:com.selenium.testCases.TC_AddStory_001@13805618]" name="tearDown" is-config="true" duration-ms="66" started-at="2019-12-09T05:28:30Z" finished-at="2019-12-09T05:28:30Z">
          <reporter-output>
          </reporter-output>
        </test-method> <!-- tearDown -->
      </class> <!-- com.selenium.testCases.TC_AddStory_001 -->
      <class name="com.selenium.testCases.TC_Login_001">
        <test-method status="PASS" signature="setup(java.lang.String)[pri:0, instance:com.selenium.testCases.TC_Login_001@cb644e]" name="setup" is-config="true" duration-ms="1219" started-at="2019-12-09T05:27:58Z" finished-at="2019-12-09T05:27:59Z">
          <params>
            <param index="0">
              <value>
                <![CDATA[chrome]]>
              </value>
            </param>
          </params>
          <reporter-output>
          </reporter-output>
        </test-method> <!-- setup -->
        <test-method status="PASS" signature="loginTest()[pri:0, instance:com.selenium.testCases.TC_Login_001@cb644e]" name="loginTest" duration-ms="9635" started-at="2019-12-09T05:27:59Z" finished-at="2019-12-09T05:28:08Z">
          <reporter-output>
          </reporter-output>
        </test-method> <!-- loginTest -->
        <test-method status="PASS" signature="tearDown()[pri:0, instance:com.selenium.testCases.TC_Login_001@cb644e]" name="tearDown" is-config="true" duration-ms="80" started-at="2019-12-09T05:28:08Z" finished-at="2019-12-09T05:28:08Z">
          <reporter-output>
          </reporter-output>
        </test-method> <!-- tearDown -->
      </class> <!-- com.selenium.testCases.TC_Login_001 -->
    </test> <!-- Framework_Implementation Test1 -->
  </suite> <!-- Framework_Implementation -->
</testng-results>
