<?xml version="1.0" encoding="UTF-8"?>
<!-- Generated by org.testng.reporters.JUnitXMLReporter -->
<testsuite hostname="admin1" ignored="0" name="Framework_Implementation Test1" tests="2" failures="0" timestamp="09 Dec 2019 05:28:30 GMT" time="32.376" errors="0">
  <testcase name="loginTest" time="9.635" classname="com.selenium.testCases.TC_Login_001"/>
  <testcase name="addStory" time="16.174" classname="com.selenium.testCases.TC_AddStory_001"/>
</testsuite> <!-- Framework_Implementation Test1 -->
